<?xml version="1.0" encoding="UTF-8"?>
<!-- Generated by org.testng.reporters.JUnitReportReporter -->
<testsuite hostname="asd1558po01976" name="com.qait.automation.GitHubAutomation.TestCreateRepo" tests="5" failures="0" timestamp="1 Jul 2016 06:51:06 GMT" time="42.108" errors="0">
  <testcase name="case2" time="4.143" classname="com.qait.automation.GitHubAutomation.TestCreateRepo"/>
  <testcase name="case4" time="13.117" classname="com.qait.automation.GitHubAutomation.TestCreateRepo"/>
  <testcase name="case5" time="14.658" classname="com.qait.automation.GitHubAutomation.TestCreateRepo"/>
  <testcase name="case1" time="6.349" classname="com.qait.automation.GitHubAutomation.TestCreateRepo"/>
  <testcase name="case3" time="3.841" classname="com.qait.automation.GitHubAutomation.TestCreateRepo"/>
</testsuite> <!-- com.qait.automation.GitHubAutomation.TestCreateRepo -->
